📍 Scraping 196 postal codes from Posti postinumerohaku
💾 Saving to /home/molt/.openclaw/workspace/postal_codes/data/
⏱️  With dynamic content waiting...

🌐 Loading Posti website...
✓ Page loaded

[  1%] 00001... ⚠️  No data
[  1%] 00017... ⚠️  No data
[  2%] 00031... ⚠️  No data
[  2%] 00101... ⚠️  No data
[  3%] 00141... ⚠️  No data
[  3%] 00381... ⚠️  No data
[  4%] 00521... ⚠️  No data
[  4%] 00781... ⚠️  No data
[  5%] 00841... ⚠️  No data
[  5%] 01391... ⚠️  No data
[  6%] 01531... ⚠️  No data
[  6%] 02471... ⚠️  No data
[  7%] 02611... ⚠️  No data
[  7%] 02941... ⚠️  No data
[  8%] 04131... ⚠️  No data
[  8%] 04401... ⚠️  No data
[  9%] 04431... ⚠️  No data
[  9%] 05401... ⚠️  No data
[ 10%] 06151... ⚠️  No data
[ 10%] 06451... ⚠️  No data
[ 11%] 07171... ⚠️  No data
[ 11%] 07565... ⚠️  No data
[ 12%] 07899... ⚠️  No data
[ 12%] 07901... ⚠️  No data
[ 13%] 07945... ⚠️  No data
[ 13%] 07955... ⚠️  No data
[ 14%] 07999... ⚠️  No data
[ 14%] 09999... ⚠️  No data
[ 15%] 10211... ⚠️  No data
[ 15%] 10601... ⚠️  No data
[ 16%] 10611... ⚠️  No data
[ 16%] 10901... ⚠️  No data
[ 17%] 11111... ⚠️  No data
[ 17%] 14999... ⚠️  No data
[ 18%] 15861... ⚠️  No data
[ 18%] 15951... ⚠️  No data
[ 19%] 17801... ⚠️  No data
[ 19%] 18007... ⚠️  No data
[ 20%] 19651... ⚠️  No data
[ 20%] 19701... ⚠️  No data
[ 21%] 20781... ⚠️  No data
[ 21%] 20811... ⚠️  No data
[ 22%] 21195... ⚠️  No data
[ 22%] 21251... ⚠️  No data
[ 23%] 21555... ⚠️  No data
[ 23%] 21571... ⚠️  No data
[ 24%] 21601... ⚠️  No data
[ 24%] 21661... ⚠️  No data
[ 25%] 21711... ⚠️  No data
[ 26%] 21901... ⚠️  No data
[ 26%] 23801... ⚠️  No data
[ 27%] 24003... ⚠️  No data
[ 27%] 24101... ⚠️  No data
[ 28%] 25003... ⚠️  No data
[ 28%] 25701... ⚠️  No data
[ 29%] 27501... ⚠️  No data
[ 29%] 28401... ⚠️  No data
[ 30%] 32301... ⚠️  No data
[ 30%] 33101... ⚠️  No data
[ 31%] 33211... ⚠️  No data
[ 31%] 34801... ⚠️  No data
[ 32%] 35301... ⚠️  No data
[ 32%] 35801... ⚠️  No data
[ 33%] 39195... ⚠️  No data
[ 33%] 39965... ⚠️  No data
[ 34%] 40003... ⚠️  No data
[ 34%] 40101... ⚠️  No data
[ 35%] 41325... ⚠️  No data
[ 35%] 41661... ⚠️  No data
[ 36%] 41925... ⚠️  No data
[ 36%] 42701... ⚠️  No data
[ 37%] 43501... ⚠️  No data
[ 37%] 44101... ⚠️  No data
[ 38%] 45007... ⚠️  No data
[ 38%] 45101... ⚠️  No data
[ 39%] 45151... ⚠️  No data
[ 39%] 45701... ⚠️  No data
[ 40%] 48007... ⚠️  No data
[ 40%] 52201... ⚠️  No data
[ 41%] 52301... ⚠️  No data
[ 41%] 52551... ⚠️  No data
[ 42%] 52701... ⚠️  No data
[ 42%] 54915... ⚠️  No data
[ 43%] 57007... ⚠️  No data
[ 43%] 58175... ⚠️  No data
[ 44%] 58701... ⚠️  No data
[ 44%] 62165... ⚠️  No data
[ 45%] 62175... ⚠️  No data
[ 45%] 62185... ⚠️  No data
[ 46%] 62295... ⚠️  No data
[ 46%] 62375... ⚠️  No data
[ 47%] 62395... ⚠️  No data
[ 47%] 62435... ⚠️  No data
[ 48%] 63355... ⚠️  No data
[ 48%] 64101... ⚠️  No data
[ 49%] 64701... ⚠️  No data
[ 49%] 64999... ⚠️  No data
[ 50%] 65101... ⚠️  No data
[ 51%] 66101... ⚠️  No data
[ 51%] 66201... ⚠️  No data
[ 52%] 66295... ⚠️  No data
[ 52%] 66401... ⚠️  No data
[ 53%] 66901... ⚠️  No data
[ 53%] 66999... ⚠️  No data
[ 54%] 68555... ⚠️  No data
[ 54%] 68601... ⚠️  No data
[ 55%] 68999... ⚠️  No data
[ 55%] 70007... ⚠️  No data
[ 56%] 70101... ⚠️  No data
[ 56%] 70111... ⚠️  No data
[ 57%] 71745... ⚠️  No data
[ 57%] 71775... ⚠️  No data
[ 58%] 72401... ⚠️  No data
[ 58%] 73301... ⚠️  No data
[ 59%] 74595... ⚠️  No data
[ 59%] 77999... ⚠️  No data
[ 60%] 79101... ⚠️  No data
[ 60%] 79255... ⚠️  No data
[ 61%] 79265... ⚠️  No data
[ 61%] 79885... ⚠️  No data
[ 62%] 79895... ⚠️  No data
[ 62%] 81235... ⚠️  No data
[ 63%] 81295... ⚠️  No data
[ 63%] 81701... ⚠️  No data
[ 64%] 82335... ⚠️  No data
[ 64%] 82501... ⚠️  No data
[ 65%] 82655... ⚠️  No data
[ 65%] 82675... ⚠️  No data
[ 66%] 82685... ⚠️  No data
[ 66%] 82815... ⚠️  No data
[ 67%] 82865... ⚠️  No data
[ 67%] 82967... ⚠️  No data
[ 68%] 83101... ⚠️  No data
[ 68%] 83825... ⚠️  No data
[ 69%] 83835... ⚠️  No data
[ 69%] 83855... ⚠️  No data
[ 70%] 85101... ⚠️  No data
[ 70%] 87007... ⚠️  No data
[ 71%] 88301... ⚠️  No data
[ 71%] 88615... ⚠️  No data
[ 72%] 88999... ⚠️  No data
[ 72%] 89201... ⚠️  No data
[ 73%] 89999... ⚠️  No data
[ 73%] 90501... ⚠️  No data
[ 74%] 90901... ⚠️  No data
[ 74%] 91501... ⚠️  No data
[ 75%] 91701... ⚠️  No data
[ 76%] 92007... ⚠️  No data
[ 76%] 92101... ⚠️  No data
[ 77%] 93187... ⚠️  No data
[ 77%] 93225... ⚠️  No data
[ 78%] 93277... ⚠️  No data
[ 78%] 93825... ⚠️  No data
[ 79%] 93899... ⚠️  No data
[ 79%] 93999... ⚠️  No data
[ 80%] 95225... ⚠️  No data
[ 80%] 95255... ⚠️  No data
[ 81%] 95295... ⚠️  No data
[ 81%] 95315... ⚠️  No data
[ 82%] 95325... ⚠️  No data
[ 82%] 95355... ⚠️  No data
[ 83%] 95365... ⚠️  No data
[ 83%] 95375... ⚠️  No data
[ 84%] 95615... ⚠️  No data
[ 84%] 95635... ⚠️  No data
[ 85%] 95645... ⚠️  No data
[ 85%] 95675... ⚠️  No data
[ 86%] 95999... ⚠️  No data
[ 86%] 96007... ⚠️  No data
[ 87%] 97335... ⚠️  No data
[ 87%] 97615... ⚠️  No data
[ 88%] 97625... ⚠️  No data
[ 88%] 97635... ⚠️  No data
[ 89%] 97645... ⚠️  No data
[ 89%] 97655... ⚠️  No data
[ 90%] 97665... ⚠️  No data
[ 90%] 97675... ⚠️  No data
[ 91%] 97685... ⚠️  No data
[ 91%] 97715... ⚠️  No data
[ 92%] 97765... ⚠️  No data
[ 92%] 97785... ⚠️  No data
[ 93%] 97815... ⚠️  No data
[ 93%] 97895... ⚠️  No data
[ 94%] 97925... ⚠️  No data
[ 94%] 98007... ⚠️  No data
[ 95%] 98995... ⚠️  No data
[ 95%] 99101... ⚠️  No data
[ 96%] 99131... ⚠️  No data
[ 96%] 99135... ⚠️  No data
[ 97%] 99195... ⚠️  No data
[ 97%] 99301... ⚠️  No data
[ 98%] 99555... ⚠️  No data
[ 98%] 99645... ⚠️  No data
[ 99%] 99655... ⚠️  No data
[ 99%] 99665... ⚠️  No data
[100%] 99871... ⚠️  No data

============================================================
📊 Results:
   ✅ Successful: 0/196 (0.0%)
   ❌ No data: 196/196
   📁 Saved to: /home/molt/.openclaw/workspace/postal_codes/data/
