📍 Starting scraper for 196 postal codes
[1/196] Processing 00001...
✓ 00001: N/A (0 addresses)
[2/196] Processing 00017...
✓ 00017: N/A (0 addresses)
[3/196] Processing 00031...
✓ 00031: N/A (0 addresses)
[4/196] Processing 00101...
✓ 00101: N/A (0 addresses)
[5/196] Processing 00141...
✓ 00141: N/A (0 addresses)
[6/196] Processing 00381...
✓ 00381: N/A (0 addresses)
[7/196] Processing 00521...
✓ 00521: N/A (0 addresses)
[8/196] Processing 00781...
✓ 00781: N/A (0 addresses)
[9/196] Processing 00841...
✓ 00841: N/A (0 addresses)
[10/196] Processing 01391...
✓ 01391: N/A (0 addresses)
[11/196] Processing 01531...
✓ 01531: N/A (0 addresses)
[12/196] Processing 02471...
✓ 02471: N/A (0 addresses)
[13/196] Processing 02611...
✓ 02611: N/A (0 addresses)
[14/196] Processing 02941...
✓ 02941: N/A (0 addresses)
[15/196] Processing 04131...
✓ 04131: N/A (0 addresses)
[16/196] Processing 04401...
✓ 04401: N/A (0 addresses)
[17/196] Processing 04431...
✓ 04431: N/A (0 addresses)
[18/196] Processing 05401...
✓ 05401: N/A (0 addresses)
[19/196] Processing 06151...
✓ 06151: N/A (0 addresses)
[20/196] Processing 06451...
✓ 06451: N/A (0 addresses)
[21/196] Processing 07171...
✓ 07171: N/A (0 addresses)
[22/196] Processing 07565...
✓ 07565: N/A (0 addresses)
[23/196] Processing 07899...
✓ 07899: N/A (0 addresses)
[24/196] Processing 07901...
✓ 07901: N/A (0 addresses)
[25/196] Processing 07945...
✓ 07945: N/A (0 addresses)
[26/196] Processing 07955...
✓ 07955: N/A (0 addresses)
[27/196] Processing 07999...
✓ 07999: N/A (0 addresses)
[28/196] Processing 09999...
✓ 09999: N/A (0 addresses)
[29/196] Processing 10211...
✓ 10211: N/A (0 addresses)
[30/196] Processing 10601...
✓ 10601: N/A (0 addresses)
[31/196] Processing 10611...
✓ 10611: N/A (0 addresses)
[32/196] Processing 10901...
✓ 10901: N/A (0 addresses)
[33/196] Processing 11111...
✓ 11111: N/A (0 addresses)
[34/196] Processing 14999...
✓ 14999: N/A (0 addresses)
[35/196] Processing 15861...
✓ 15861: N/A (0 addresses)
[36/196] Processing 15951...
✓ 15951: N/A (0 addresses)
[37/196] Processing 17801...
✓ 17801: N/A (0 addresses)
[38/196] Processing 18007...
✓ 18007: N/A (0 addresses)
[39/196] Processing 19651...
✓ 19651: N/A (0 addresses)
[40/196] Processing 19701...
✓ 19701: N/A (0 addresses)
[41/196] Processing 20781...
✓ 20781: N/A (0 addresses)
[42/196] Processing 20811...
✓ 20811: N/A (0 addresses)
[43/196] Processing 21195...
✓ 21195: N/A (0 addresses)
[44/196] Processing 21251...
✓ 21251: N/A (0 addresses)
[45/196] Processing 21555...
✓ 21555: N/A (0 addresses)
[46/196] Processing 21571...
✓ 21571: N/A (0 addresses)
[47/196] Processing 21601...
✓ 21601: N/A (0 addresses)
[48/196] Processing 21661...
✓ 21661: N/A (0 addresses)
[49/196] Processing 21711...
✓ 21711: N/A (0 addresses)
[50/196] Processing 21901...
✓ 21901: N/A (0 addresses)
[51/196] Processing 23801...
✓ 23801: N/A (0 addresses)
[52/196] Processing 24003...
✓ 24003: N/A (0 addresses)
[53/196] Processing 24101...
✓ 24101: N/A (0 addresses)
[54/196] Processing 25003...
✓ 25003: N/A (0 addresses)
[55/196] Processing 25701...
✓ 25701: N/A (0 addresses)
[56/196] Processing 27501...
✓ 27501: N/A (0 addresses)
[57/196] Processing 28401...
✓ 28401: N/A (0 addresses)
[58/196] Processing 32301...
✓ 32301: N/A (0 addresses)
[59/196] Processing 33101...
✓ 33101: N/A (0 addresses)
[60/196] Processing 33211...
✓ 33211: N/A (0 addresses)
[61/196] Processing 34801...
✓ 34801: N/A (0 addresses)
[62/196] Processing 35301...
✓ 35301: N/A (0 addresses)
[63/196] Processing 35801...
✓ 35801: N/A (0 addresses)
[64/196] Processing 39195...
✓ 39195: N/A (0 addresses)
[65/196] Processing 39965...
✓ 39965: N/A (0 addresses)
[66/196] Processing 40003...
✓ 40003: N/A (0 addresses)
[67/196] Processing 40101...
✓ 40101: N/A (0 addresses)
[68/196] Processing 41325...
✓ 41325: N/A (0 addresses)
[69/196] Processing 41661...
✓ 41661: N/A (0 addresses)
[70/196] Processing 41925...
✓ 41925: N/A (0 addresses)
[71/196] Processing 42701...
✓ 42701: N/A (0 addresses)
[72/196] Processing 43501...
✓ 43501: N/A (0 addresses)
[73/196] Processing 44101...
✓ 44101: N/A (0 addresses)
[74/196] Processing 45007...
✓ 45007: N/A (0 addresses)
[75/196] Processing 45101...
✓ 45101: N/A (0 addresses)
[76/196] Processing 45151...
✓ 45151: N/A (0 addresses)
[77/196] Processing 45701...
✓ 45701: N/A (0 addresses)
[78/196] Processing 48007...
✓ 48007: N/A (0 addresses)
[79/196] Processing 52201...
✓ 52201: N/A (0 addresses)
[80/196] Processing 52301...
✓ 52301: N/A (0 addresses)
[81/196] Processing 52551...
✓ 52551: N/A (0 addresses)
[82/196] Processing 52701...
✓ 52701: N/A (0 addresses)
[83/196] Processing 54915...
✓ 54915: N/A (0 addresses)
[84/196] Processing 57007...
✓ 57007: N/A (0 addresses)
[85/196] Processing 58175...
✓ 58175: N/A (0 addresses)
[86/196] Processing 58701...
✓ 58701: N/A (0 addresses)
[87/196] Processing 62165...
✓ 62165: N/A (0 addresses)
[88/196] Processing 62175...
✓ 62175: N/A (0 addresses)
[89/196] Processing 62185...
✓ 62185: N/A (0 addresses)
[90/196] Processing 62295...
✓ 62295: N/A (0 addresses)
[91/196] Processing 62375...
✓ 62375: N/A (0 addresses)
[92/196] Processing 62395...
✓ 62395: N/A (0 addresses)
[93/196] Processing 62435...
✓ 62435: N/A (0 addresses)
[94/196] Processing 63355...
✓ 63355: N/A (0 addresses)
[95/196] Processing 64101...
✓ 64101: N/A (0 addresses)
[96/196] Processing 64701...
✓ 64701: N/A (0 addresses)
[97/196] Processing 64999...
✓ 64999: N/A (0 addresses)
[98/196] Processing 65101...
✓ 65101: N/A (0 addresses)
[99/196] Processing 66101...
✓ 66101: N/A (0 addresses)
[100/196] Processing 66201...
✓ 66201: N/A (0 addresses)
[101/196] Processing 66295...
✓ 66295: N/A (0 addresses)
[102/196] Processing 66401...
✓ 66401: N/A (0 addresses)
[103/196] Processing 66901...
✓ 66901: N/A (0 addresses)
[104/196] Processing 66999...
✓ 66999: N/A (0 addresses)
[105/196] Processing 68555...
✓ 68555: N/A (0 addresses)
[106/196] Processing 68601...
✓ 68601: N/A (0 addresses)
[107/196] Processing 68999...
✓ 68999: N/A (0 addresses)
[108/196] Processing 70007...
✓ 70007: N/A (0 addresses)
[109/196] Processing 70101...
✓ 70101: N/A (0 addresses)
[110/196] Processing 70111...
✓ 70111: N/A (0 addresses)
[111/196] Processing 71745...
✓ 71745: N/A (0 addresses)
[112/196] Processing 71775...
✓ 71775: N/A (0 addresses)
[113/196] Processing 72401...
✓ 72401: N/A (0 addresses)
[114/196] Processing 73301...
✓ 73301: N/A (0 addresses)
[115/196] Processing 74595...
✓ 74595: N/A (0 addresses)
[116/196] Processing 77999...
✓ 77999: N/A (0 addresses)
[117/196] Processing 79101...
✓ 79101: N/A (0 addresses)
[118/196] Processing 79255...
✓ 79255: N/A (0 addresses)
[119/196] Processing 79265...
✓ 79265: N/A (0 addresses)
[120/196] Processing 79885...
✓ 79885: N/A (0 addresses)
[121/196] Processing 79895...
✓ 79895: N/A (0 addresses)
[122/196] Processing 81235...
✓ 81235: N/A (0 addresses)
[123/196] Processing 81295...
✓ 81295: N/A (0 addresses)
[124/196] Processing 81701...
✓ 81701: N/A (0 addresses)
[125/196] Processing 82335...
✓ 82335: N/A (0 addresses)
[126/196] Processing 82501...
✓ 82501: N/A (0 addresses)
[127/196] Processing 82655...
✓ 82655: N/A (0 addresses)
[128/196] Processing 82675...
✓ 82675: N/A (0 addresses)
[129/196] Processing 82685...
✓ 82685: N/A (0 addresses)
[130/196] Processing 82815...
✓ 82815: N/A (0 addresses)
[131/196] Processing 82865...
✓ 82865: N/A (0 addresses)
[132/196] Processing 82967...
✓ 82967: N/A (0 addresses)
[133/196] Processing 83101...
✓ 83101: N/A (0 addresses)
[134/196] Processing 83825...
✓ 83825: N/A (0 addresses)
[135/196] Processing 83835...
✓ 83835: N/A (0 addresses)
[136/196] Processing 83855...
✓ 83855: N/A (0 addresses)
[137/196] Processing 85101...
✓ 85101: N/A (0 addresses)
[138/196] Processing 87007...
✓ 87007: N/A (0 addresses)
[139/196] Processing 88301...
✓ 88301: N/A (0 addresses)
[140/196] Processing 88615...
✓ 88615: N/A (0 addresses)
[141/196] Processing 88999...
✓ 88999: N/A (0 addresses)
[142/196] Processing 89201...
✓ 89201: N/A (0 addresses)
[143/196] Processing 89999...
✓ 89999: N/A (0 addresses)
[144/196] Processing 90501...
✓ 90501: N/A (0 addresses)
[145/196] Processing 90901...
✓ 90901: N/A (0 addresses)
[146/196] Processing 91501...
✓ 91501: N/A (0 addresses)
[147/196] Processing 91701...
✓ 91701: N/A (0 addresses)
[148/196] Processing 92007...
✓ 92007: N/A (0 addresses)
[149/196] Processing 92101...
✓ 92101: N/A (0 addresses)
[150/196] Processing 93187...
✓ 93187: N/A (0 addresses)
[151/196] Processing 93225...
✓ 93225: N/A (0 addresses)
[152/196] Processing 93277...
✓ 93277: N/A (0 addresses)
[153/196] Processing 93825...
✓ 93825: N/A (0 addresses)
[154/196] Processing 93899...
✓ 93899: N/A (0 addresses)
[155/196] Processing 93999...
✓ 93999: N/A (0 addresses)
[156/196] Processing 95225...
✓ 95225: N/A (0 addresses)
[157/196] Processing 95255...
✓ 95255: N/A (0 addresses)
[158/196] Processing 95295...
✓ 95295: N/A (0 addresses)
[159/196] Processing 95315...
✓ 95315: N/A (0 addresses)
[160/196] Processing 95325...
✓ 95325: N/A (0 addresses)
[161/196] Processing 95355...
✓ 95355: N/A (0 addresses)
[162/196] Processing 95365...
✓ 95365: N/A (0 addresses)
[163/196] Processing 95375...
✓ 95375: N/A (0 addresses)
[164/196] Processing 95615...
✓ 95615: N/A (0 addresses)
[165/196] Processing 95635...
✓ 95635: N/A (0 addresses)
[166/196] Processing 95645...
✓ 95645: N/A (0 addresses)
[167/196] Processing 95675...
✓ 95675: N/A (0 addresses)
[168/196] Processing 95999...
✓ 95999: N/A (0 addresses)
[169/196] Processing 96007...
✓ 96007: N/A (0 addresses)
[170/196] Processing 97335...
✓ 97335: N/A (0 addresses)
[171/196] Processing 97615...
✓ 97615: N/A (0 addresses)
[172/196] Processing 97625...
✓ 97625: N/A (0 addresses)
[173/196] Processing 97635...
✓ 97635: N/A (0 addresses)
[174/196] Processing 97645...
✓ 97645: N/A (0 addresses)
[175/196] Processing 97655...
✓ 97655: N/A (0 addresses)
[176/196] Processing 97665...
✓ 97665: N/A (0 addresses)
[177/196] Processing 97675...
✓ 97675: N/A (0 addresses)
[178/196] Processing 97685...
✓ 97685: N/A (0 addresses)
[179/196] Processing 97715...
✓ 97715: N/A (0 addresses)
[180/196] Processing 97765...
✓ 97765: N/A (0 addresses)
[181/196] Processing 97785...
✓ 97785: N/A (0 addresses)
[182/196] Processing 97815...
✓ 97815: N/A (0 addresses)
[183/196] Processing 97895...
✓ 97895: N/A (0 addresses)
[184/196] Processing 97925...
✓ 97925: N/A (0 addresses)
[185/196] Processing 98007...
✓ 98007: N/A (0 addresses)
[186/196] Processing 98995...
✓ 98995: N/A (0 addresses)
[187/196] Processing 99101...
✓ 99101: N/A (0 addresses)
[188/196] Processing 99131...
✓ 99131: N/A (0 addresses)
[189/196] Processing 99135...
✓ 99135: N/A (0 addresses)
[190/196] Processing 99195...
✓ 99195: N/A (0 addresses)
[191/196] Processing 99301...
✓ 99301: N/A (0 addresses)
[192/196] Processing 99555...
✓ 99555: N/A (0 addresses)
[193/196] Processing 99645...
✓ 99645: N/A (0 addresses)
[194/196] Processing 99655...
✓ 99655: N/A (0 addresses)
[195/196] Processing 99665...
✓ 99665: N/A (0 addresses)
[196/196] Processing 99871...
✓ 99871: N/A (0 addresses)

============================================================
📊 SCRAPING COMPLETE
============================================================
✓ Successful: 196/196
✗ Failed: 0/196

📋 Sample results (first 5):

88301.json:
{
  "postal_code": "88301",
  "municipalities": [],
  "total_addresses": 0,
  "scraped_at": "2026-03-23T15:31:02.703Z"
}

88615.json:
{
  "postal_code": "88615",
  "municipalities": [],
  "total_addresses": 0,
  "scraped_at": "2026-03-23T15:31:05.676Z"
}

88999.json:
{
  "postal_code": "88999",
  "municipalities": [],
  "total_addresses": 0,
  "scraped_at": "2026-03-23T15:31:08.809Z"
}

89201.json:
{
  "postal_code": "89201",
  "municipalities": [],
  "total_addresses": 0,
  "scraped_at": "2026-03-23T15:31:11.879Z"
}

89999.json:
{
  "postal_code": "89999",
  "municipalities": [],
  "total_addresses": 0,
  "scraped_at": "2026-03-23T15:31:14.902Z"
}
