📍 Scraping 196 postal codes from Posti postinumerohaku
💾 Saving to /home/molt/.openclaw/workspace/postal_codes/data/

[  1/196] 00001... ❌ Cannot set properties of null (setting 'value')
[  2/196] 00017... ❌ Cannot set properties of null (setting 'value')
[  3/196] 00031... ❌ Cannot set properties of null (setting 'value')
[  4/196] 00101... ❌ Cannot set properties of null (setting 'value')
[  5/196] 00141... ❌ Cannot set properties of null (setting 'value')
[  6/196] 00381... ❌ Cannot set properties of null (setting 'value')
[  7/196] 00521... ❌ Cannot set properties of null (setting 'value')
[  8/196] 00781... ❌ Cannot set properties of null (setting 'value')
[  9/196] 00841... ❌ Cannot set properties of null (setting 'value')
[ 10/196] 01391... ❌ Cannot set properties of null (setting 'value')
[ 11/196] 01531... ❌ Cannot set properties of null (setting 'value')
[ 12/196] 02471... ❌ Cannot set properties of null (setting 'value')
[ 13/196] 02611... ❌ Cannot set properties of null (setting 'value')
[ 14/196] 02941... ❌ Cannot set properties of null (setting 'value')
[ 15/196] 04131... ❌ Cannot set properties of null (setting 'value')
[ 16/196] 04401... ❌ Cannot set properties of null (setting 'value')
[ 17/196] 04431... ❌ Cannot set properties of null (setting 'value')
[ 18/196] 05401... ❌ Cannot set properties of null (setting 'value')
[ 19/196] 06151... ❌ Cannot set properties of null (setting 'value')
[ 20/196] 06451... ❌ Cannot set properties of null (setting 'value')
[ 21/196] 07171... ❌ Cannot set properties of null (setting 'value')
[ 22/196] 07565... ❌ Cannot set properties of null (setting 'value')
[ 23/196] 07899... ❌ Cannot set properties of null (setting 'value')
[ 24/196] 07901... ❌ Cannot set properties of null (setting 'value')
[ 25/196] 07945... ❌ Cannot set properties of null (setting 'value')
[ 26/196] 07955... ❌ Cannot set properties of null (setting 'value')
[ 27/196] 07999... ❌ Cannot set properties of null (setting 'value')
[ 28/196] 09999... ❌ Cannot set properties of null (setting 'value')
[ 29/196] 10211... ❌ Cannot set properties of null (setting 'value')
[ 30/196] 10601... ❌ Cannot set properties of null (setting 'value')
[ 31/196] 10611... ❌ Cannot set properties of null (setting 'value')
[ 32/196] 10901... ❌ Cannot set properties of null (setting 'value')
[ 33/196] 11111... ❌ Cannot set properties of null (setting 'value')
[ 34/196] 14999... ❌ Cannot set properties of null (setting 'value')
[ 35/196] 15861... ❌ Cannot set properties of null (setting 'value')
[ 36/196] 15951... ❌ Cannot set properties of null (setting 'value')
[ 37/196] 17801... ❌ Cannot set properties of null (setting 'value')
[ 38/196] 18007... ❌ Cannot set properties of null (setting 'value')
[ 39/196] 19651... ❌ Cannot set properties of null (setting 'value')
[ 40/196] 19701... ❌ Cannot set properties of null (setting 'value')
[ 41/196] 20781... ❌ Cannot set properties of null (setting 'value')
[ 42/196] 20811... ❌ Cannot set properties of null (setting 'value')
[ 43/196] 21195... ❌ Cannot set properties of null (setting 'value')
[ 44/196] 21251... ❌ Cannot set properties of null (setting 'value')
[ 45/196] 21555... ❌ Cannot set properties of null (setting 'value')
[ 46/196] 21571... ❌ Cannot set properties of null (setting 'value')
[ 47/196] 21601... ❌ Cannot set properties of null (setting 'value')
[ 48/196] 21661... ❌ Cannot set properties of null (setting 'value')
[ 49/196] 21711... ❌ Cannot set properties of null (setting 'value')
[ 50/196] 21901... ❌ Cannot set properties of null (setting 'value')
[ 51/196] 23801... ❌ Cannot set properties of null (setting 'value')
[ 52/196] 24003... ❌ Cannot set properties of null (setting 'value')
[ 53/196] 24101... ❌ Cannot set properties of null (setting 'value')
[ 54/196] 25003... ❌ Cannot set properties of null (setting 'value')
[ 55/196] 25701... ❌ Cannot set properties of null (setting 'value')
[ 56/196] 27501... ❌ Cannot set properties of null (setting 'value')
[ 57/196] 28401... ❌ Cannot set properties of null (setting 'value')
[ 58/196] 32301... ❌ Cannot set properties of null (setting 'value')
[ 59/196] 33101... ❌ Cannot set properties of null (setting 'value')
[ 60/196] 33211... ❌ Cannot set properties of null (setting 'value')
[ 61/196] 34801... ❌ Cannot set properties of null (setting 'value')
[ 62/196] 35301... ❌ Cannot set properties of null (setting 'value')
[ 63/196] 35801... ❌ Cannot set properties of null (setting 'value')
[ 64/196] 39195... ❌ Cannot set properties of null (setting 'value')
[ 65/196] 39965... ❌ Cannot set properties of null (setting 'value')
[ 66/196] 40003... ❌ Cannot set properties of null (setting 'value')
[ 67/196] 40101... ❌ Cannot set properties of null (setting 'value')
[ 68/196] 41325... ❌ Cannot set properties of null (setting 'value')
[ 69/196] 41661... ❌ Cannot set properties of null (setting 'value')
[ 70/196] 41925... ❌ Cannot set properties of null (setting 'value')
[ 71/196] 42701... ❌ Cannot set properties of null (setting 'value')
[ 72/196] 43501... ❌ Cannot set properties of null (setting 'value')
[ 73/196] 44101... ❌ Cannot set properties of null (setting 'value')
[ 74/196] 45007... ❌ Cannot set properties of null (setting 'value')
[ 75/196] 45101... ❌ Cannot set properties of null (setting 'value')
[ 76/196] 45151... ❌ Cannot set properties of null (setting 'value')
[ 77/196] 45701... ❌ Cannot set properties of null (setting 'value')
[ 78/196] 48007... ❌ Cannot set properties of null (setting 'value')
[ 79/196] 52201... ❌ Cannot set properties of null (setting 'value')
[ 80/196] 52301... ❌ Cannot set properties of null (setting 'value')
[ 81/196] 52551... ❌ Cannot set properties of null (setting 'value')
[ 82/196] 52701... ❌ Cannot set properties of null (setting 'value')
[ 83/196] 54915... ❌ Cannot set properties of null (setting 'value')
[ 84/196] 57007... ❌ Cannot set properties of null (setting 'value')
[ 85/196] 58175... ❌ Cannot set properties of null (setting 'value')
[ 86/196] 58701... ❌ Cannot set properties of null (setting 'value')
[ 87/196] 62165... ❌ Cannot set properties of null (setting 'value')
[ 88/196] 62175... ❌ Cannot set properties of null (setting 'value')
[ 89/196] 62185... ❌ Cannot set properties of null (setting 'value')
[ 90/196] 62295... ❌ Cannot set properties of null (setting 'value')
[ 91/196] 62375... ❌ Cannot set properties of null (setting 'value')
[ 92/196] 62395... ❌ Cannot set properties of null (setting 'value')
[ 93/196] 62435... ❌ Cannot set properties of null (setting 'value')
[ 94/196] 63355... ❌ Cannot set properties of null (setting 'value')
[ 95/196] 64101... ❌ Cannot set properties of null (setting 'value')
[ 96/196] 64701... ❌ Cannot set properties of null (setting 'value')
[ 97/196] 64999... ❌ Cannot set properties of null (setting 'value')
[ 98/196] 65101... ❌ Cannot set properties of null (setting 'value')
[ 99/196] 66101... ❌ Cannot set properties of null (setting 'value')
[100/196] 66201... ❌ Cannot set properties of null (setting 'value')
[101/196] 66295... ❌ Cannot set properties of null (setting 'value')
[102/196] 66401... ❌ Cannot set properties of null (setting 'value')
[103/196] 66901... ❌ Cannot set properties of null (setting 'value')
[104/196] 66999... ❌ Cannot set properties of null (setting 'value')
[105/196] 68555... ❌ Cannot set properties of null (setting 'value')
[106/196] 68601... ❌ Cannot set properties of null (setting 'value')
[107/196] 68999... ❌ Cannot set properties of null (setting 'value')
[108/196] 70007... ❌ Cannot set properties of null (setting 'value')
[109/196] 70101... ❌ Cannot set properties of null (setting 'value')
[110/196] 70111... ❌ Cannot set properties of null (setting 'value')
[111/196] 71745... ❌ Cannot set properties of null (setting 'value')
[112/196] 71775... ❌ Cannot set properties of null (setting 'value')
[113/196] 72401... ❌ Cannot set properties of null (setting 'value')
[114/196] 73301... ❌ Cannot set properties of null (setting 'value')
[115/196] 74595... ❌ Cannot set properties of null (setting 'value')
[116/196] 77999... ❌ Cannot set properties of null (setting 'value')
[117/196] 79101... ❌ Cannot set properties of null (setting 'value')
[118/196] 79255... ❌ Cannot set properties of null (setting 'value')
[119/196] 79265... ❌ Cannot set properties of null (setting 'value')
[120/196] 79885... ❌ Cannot set properties of null (setting 'value')
[121/196] 79895... ❌ Cannot set properties of null (setting 'value')
[122/196] 81235... ❌ Cannot set properties of null (setting 'value')
[123/196] 81295... ❌ Cannot set properties of null (setting 'value')
[124/196] 81701... ❌ Cannot set properties of null (setting 'value')
[125/196] 82335... ❌ Cannot set properties of null (setting 'value')
[126/196] 82501... ❌ Cannot set properties of null (setting 'value')
[127/196] 82655... ❌ Cannot set properties of null (setting 'value')
[128/196] 82675... ❌ Cannot set properties of null (setting 'value')
[129/196] 82685... ❌ Cannot set properties of null (setting 'value')
[130/196] 82815... ❌ Cannot set properties of null (setting 'value')
[131/196] 82865... ❌ Cannot set properties of null (setting 'value')
[132/196] 82967... ❌ Cannot set properties of null (setting 'value')
[133/196] 83101... ❌ Cannot set properties of null (setting 'value')
[134/196] 83825... ❌ Cannot set properties of null (setting 'value')
[135/196] 83835... ❌ Cannot set properties of null (setting 'value')
[136/196] 83855... ❌ Cannot set properties of null (setting 'value')
[137/196] 85101... ❌ Cannot set properties of null (setting 'value')
[138/196] 87007... ❌ Cannot set properties of null (setting 'value')
[139/196] 88301... ❌ Cannot set properties of null (setting 'value')
[140/196] 88615... ❌ Cannot set properties of null (setting 'value')
[141/196] 88999... ❌ Cannot set properties of null (setting 'value')
[142/196] 89201... ❌ Cannot set properties of null (setting 'value')
[143/196] 89999... ❌ Cannot set properties of null (setting 'value')
[144/196] 90501... ❌ Cannot set properties of null (setting 'value')
[145/196] 90901... ❌ Cannot set properties of null (setting 'value')
[146/196] 91501... ❌ Cannot set properties of null (setting 'value')
[147/196] 91701... ❌ Cannot set properties of null (setting 'value')
[148/196] 92007... ❌ Cannot set properties of null (setting 'value')
[149/196] 92101... ❌ Cannot set properties of null (setting 'value')
[150/196] 93187... ❌ Cannot set properties of null (setting 'value')
[151/196] 93225... ❌ Cannot set properties of null (setting 'value')
[152/196] 93277... ❌ Cannot set properties of null (setting 'value')
[153/196] 93825... ❌ Cannot set properties of null (setting 'value')
[154/196] 93899... ❌ Cannot set properties of null (setting 'value')
[155/196] 93999... ❌ Cannot set properties of null (setting 'value')
[156/196] 95225... ❌ Cannot set properties of null (setting 'value')
[157/196] 95255... ❌ Cannot set properties of null (setting 'value')
[158/196] 95295... ❌ Cannot set properties of null (setting 'value')
[159/196] 95315... ❌ Cannot set properties of null (setting 'value')
[160/196] 95325... ❌ Cannot set properties of null (setting 'value')
[161/196] 95355... ❌ Cannot set properties of null (setting 'value')
[162/196] 95365... ❌ Cannot set properties of null (setting 'value')
[163/196] 95375... ❌ Cannot set properties of null (setting 'value')
[164/196] 95615... ❌ Cannot set properties of null (setting 'value')
[165/196] 95635... ❌ Cannot set properties of null (setting 'value')
[166/196] 95645... ❌ Cannot set properties of null (setting 'value')
[167/196] 95675... ❌ Cannot set properties of null (setting 'value')
[168/196] 95999... ❌ Cannot set properties of null (setting 'value')
[169/196] 96007... ❌ Cannot set properties of null (setting 'value')
[170/196] 97335... ❌ Cannot set properties of null (setting 'value')
[171/196] 97615... ❌ Cannot set properties of null (setting 'value')
[172/196] 97625... ❌ Cannot set properties of null (setting 'value')
[173/196] 97635... ❌ Cannot set properties of null (setting 'value')
[174/196] 97645... ❌ Cannot set properties of null (setting 'value')
[175/196] 97655... ❌ Cannot set properties of null (setting 'value')
[176/196] 97665... ❌ Cannot set properties of null (setting 'value')
[177/196] 97675... ❌ Cannot set properties of null (setting 'value')
[178/196] 97685... ❌ Cannot set properties of null (setting 'value')
[179/196] 97715... ❌ Cannot set properties of null (setting 'value')
[180/196] 97765... ❌ Cannot set properties of null (setting 'value')
[181/196] 97785... ❌ Cannot set properties of null (setting 'value')
[182/196] 97815... ❌ Cannot set properties of null (setting 'value')
[183/196] 97895... ❌ Cannot set properties of null (setting 'value')
[184/196] 97925... ❌ Cannot set properties of null (setting 'value')
[185/196] 98007... ❌ Cannot set properties of null (setting 'value')
[186/196] 98995... ❌ Cannot set properties of null (setting 'value')
[187/196] 99101... ❌ Cannot set properties of null (setting 'value')
[188/196] 99131... ❌ Cannot set properties of null (setting 'value')
[189/196] 99135... ❌ Cannot set properties of null (setting 'value')
[190/196] 99195... ❌ Cannot set properties of null (setting 'value')
[191/196] 99301... ❌ Cannot set properties of null (setting 'value')
[192/196] 99555... ❌ Cannot set properties of null (setting 'value')
[193/196] 99645... ❌ Cannot set properties of null (setting 'value')
[194/196] 99655... ❌ Cannot set properties of null (setting 'value')
[195/196] 99665... ❌ Cannot set properties of null (setting 'value')
[196/196] 99871... ❌ Cannot set properties of null (setting 'value')

============================================================
✅ Successful: 0/196
❌ Failed: 196/196
📊 Success rate: 0.0%
📁 Results saved to /home/molt/.openclaw/workspace/postal_codes/data/
