📍 Scraping 196 Finnish postal codes
🎯 Using combobox selector [role="combobox"]
💾 Saving to /home/molt/.openclaw/workspace/postal_codes/data/

🌐 Loading Posti postinumerohaku...
✓ Page ready

[0%|0s] 00001... ⚠️  No data
[1%|5s] 00017... ✅ FENNIA (3)
[1%|9s] 00031... ✅ GE (49)
[2%|13s] 00101... ✅ HELSINGFORS (2180)
[2%|18s] 00141... ✅ HELSINGFORS (60)
[3%|23s] 00381... ✅ HELSINGFORS (492)
[3%|27s] 00521... ✅ HELSINGFORS (268)
[4%|31s] 00781... ✅ HELSINGFORS/HELSINKI (14)
[4%|35s] 00841... ⚠️  No data
[5%|40s] 01391... ✅ VANDA (70)
[5%|44s] 01531... ✅ VANDA (524)
[6%|49s] 02471... ✅ UPINNIEMI/OBBNÄS (9)
[6%|53s] 02611... ✅ ESBO (72)
[7%|57s] 02941... ⚠️  No data
[7%|62s] 04131... ✅ SIBBO (102)
[8%|66s] 04401... ✅ JÄRVENPÄÄ (240)
[8%|71s] 04431... ✅ JÄRVENPÄÄ (190)
[9%|75s] 05401... ✅ JOKELA (20)
[9%|78s] 06151... ✅ BORGÅ (126)
[10%|83s] 06451... ⚠️  No data
[10%|87s] 07171... ✅ PORNAINEN (8)
[11%|91s] 07565... ✅ KANTELE (237)
[11%|96s] 07899... ⚠️  No data
[12%|100s] 07901... ✅ LOVISA (146)
[12%|105s] 07945... ✅ KUGGOM (662)
[13%|109s] 07955... ✅ TESJOKI/TESSJÖ (1533)
[13%|115s] 07999... ⚠️  No data
[14%|120s] 09999... ⚠️  No data
[14%|125s] 10211... ✅ INGÅ (92)
[15%|131s] 10601... ✅ EKENÄS (228)
[15%|135s] 10611... ✅ RASEBORG/RAASEPORI (18)
[16%|139s] 10901... ✅ HANGÖ (304)
[16%|143s] 11111... ✅ RIIHIMÄKI (198)
[17%|147s] 14999... ⚠️  No data
[17%|152s] 15861... ⚠️  No data
[18%|157s] 15951... ⚠️  No data
[18%|161s] 17801... ✅ KUHMOINEN (32)
[19%|165s] 18007... ⚠️  No data
[19%|171s] 19651... ✅ JOUTSA (78)
[20%|175s] 19701... ✅ SYSMÄ (50)
[20%|179s] 20781... ✅ KAARINA (280)
[21%|184s] 20811... ✅ ÅBO (52)
[21%|188s] 21195... ✅ VELKUA (305)
[22%|192s] 21251... ✅ MASKU (42)
[22%|196s] 21555... ✅ TAATILA (220)
[23%|201s] 21571... ✅ SAUVO (50)
[23%|205s] 21601... ✅ PARGAS (288)
[24%|209s] 21661... ✅ NAGU (56)
[25%|213s] 21711... ⚠️  No data
[25%|218s] 21901... ✅ YLÄNE (60)
[26%|223s] 23801... ✅ LAITILA (42)
[26%|227s] 24003... ⚠️  No data
[27%|230s] 24101... ✅ SALO (484)
[27%|235s] 25003... ⚠️  No data
[28%|240s] 25701... ✅ KIMITO (122)
[28%|244s] 27501... ✅ KAUTTUA (8)
[29%|248s] 28401... ✅ ULVILA (118)
[29%|253s] 32301... ⚠️  No data
[30%|258s] 33101... ✅ TAMPERE (1086)
[30%|262s] 33211... ✅ TAMPERE (152)
[31%|267s] 34801... ✅ VIRRAT (48)
[31%|271s] 35301... ✅ ORIVESI (36)
[32%|275s] 35801... ✅ MÄNTTÄ (50)
[32%|279s] 39195... ✅ KAIPIO (86)
[33%|284s] 39965... ✅ KARVIANKYLÄ (144)
[33%|288s] 40003... ⚠️  No data
[34%|292s] 40101... ✅ JYVÄSKYLÄ (724)
[34%|297s] 41325... ✅ LAUKKAVIRTA (320)
[35%|302s] 41661... ✅ TOIVAKKA (2)
[35%|306s] 41925... ✅ YLÄ-KINTAUS (160)
[36%|310s] 42701... ✅ KEURUU (222)
[36%|314s] 43501... ✅ KARSTULA (32)
[37%|319s] 44101... ✅ ÄÄNEKOSKI (152)
[37%|323s] 45007... ⚠️  No data
[38%|328s] 45101... ✅ KOUVOLA (548)
[38%|333s] 45151... ⚠️  No data
[39%|338s] 45701... ✅ KUUSANKOSKI (198)
[39%|342s] 48007... ⚠️  No data
[40%|347s] 52201... ✅ PUUMALA (12)
[40%|351s] 52301... ✅ RISTIINA (26)
[41%|355s] 52551... ✅ HIRVENSALMI (62)
[41%|359s] 52701... ✅ MÄNTYHARJU (206)
[42%|363s] 54915... ✅ SAIMAANHARJU (625)
[42%|368s] 57007... ⚠️  No data
[43%|373s] 58175... ✅ ENONKOSKI (710)
[43%|378s] 58701... ✅ SULKAVA (86)
[44%|382s] 62165... ✅ TIISTENJOKI (243)
[44%|387s] 62175... ✅ YLIKYLÄ (122)
[45%|391s] 62185... ✅ MÄKI-PAAVOLA (133)
[45%|395s] 62295... ✅ KAUHAJÄRVI (307)
[46%|400s] 62375... ✅ YLIHÄRMÄ (1301)
[46%|405s] 62395... ✅ PETTERINMÄKI/PETTERSBACKA (182)
[47%|408s] 62435... ✅ PIRTTINEN (84)
[47%|413s] 63355... ✅ SEINÄJÄRVI (110)
[48%|417s] 64101... ✅ KRISTINESTAD (200)
[48%|421s] 64701... ✅ TEUVA (116)
[49%|425s] 64999... ⚠️  No data
[50%|430s] 65101... ✅ VASA (666)
[50%|435s] 66101... ⚠️  No data
[51%|440s] 66201... ✅ KORSNÄS (16)
[51%|443s] 66295... ✅ TÖJBY (295)
[52%|448s] 66401... ✅ LAIHIA (58)
[52%|451s] 66901... ✅ NYKARLEBY (86)
[53%|455s] 66999... ⚠️  No data
[53%|460s] 68555... ✅ BOSUND (810)
[54%|465s] 68601... ✅ JAKOBSTAD (266)
[54%|469s] 68999... ⚠️  No data
[55%|474s] 70007... ⚠️  No data
[55%|479s] 70101... ✅ KUOPIO (628)
[56%|483s] 70111... ✅ KUOPIO (66)
[56%|487s] 71745... ✅ HAATALA (76)
[57%|493s] 71775... ✅ TUOVILANLAHTI (286)
[57%|497s] 72401... ✅ PIELAVESI (72)
[58%|501s] 73301... ✅ NILSIÄ (20)
[58%|505s] 74595... ✅ RUNNI (559)
[59%|509s] 77999... ⚠️  No data
[59%|514s] 79101... ✅ LEPPÄVIRTA (76)
[60%|518s] 79255... ✅ KURJALA (180)
[60%|522s] 79265... ✅ PUPONMÄKI (113)
[61%|526s] 79885... ✅ ETELÄ-PETRUMA (131)
[61%|530s] 79895... ✅ SARVIKUMPU (161)
[62%|534s] 81235... ✅ LEHTOI (255)
[62%|538s] 81295... ✅ HAAPALAHTI (244)
[63%|542s] 81701... ✅ LIEKSA (48)
[63%|547s] 82335... ✅ RASIVAARA (758)
[64%|551s] 82501... ✅ KITEE (152)
[64%|556s] 82655... ✅ VÄRTSILÄ (316)
[65%|560s] 82675... ✅ NIIRALA (106)
[65%|564s] 82685... ✅ LITTILÄ (190)
[66%|568s] 82815... ✅ MARJOVAARA (194)
[66%|572s] 82865... ✅ KOKINVAARA (123)
[67%|577s] 82967... ✅ HATTU (186)
[67%|581s] 83101... ✅ LIPERI (76)
[68%|585s] 83825... ✅ KINAHMO (406)
[68%|589s] 83835... ✅ RUVASLAHTI (255)
[69%|593s] 83855... ✅ MARTONVAARA (189)
[69%|597s] 85101... ✅ KALAJOKI (139)
[70%|602s] 87007... ⚠️  No data
[70%|607s] 88301... ⚠️  No data
[71%|611s] 88615... ⚠️  No data
[71%|617s] 88999... ⚠️  No data
[72%|622s] 89201... ⚠️  No data
[72%|627s] 89999... ⚠️  No data
[73%|632s] 90501... ✅ OULU (64)
[73%|636s] 90901... ✅ KIIMINKI (82)
[74%|640s] 91501... ✅ MUHOS (162)
[75%|645s] 91701... ✅ VAALA (69)
[75%|649s] 92007... ⚠️  No data
[76%|654s] 92101... ✅ RAAHE (152)
[76%|658s] 93187... ✅ ALA-SIURUA (156)
[77%|663s] 93225... ✅ PÄRJÄNSUO (202)
[77%|667s] 93277... ✅ IINATTIJÄRVI (196)
[78%|671s] 93825... ⚠️  No data
[78%|676s] 93899... ⚠️  No data
[79%|681s] 93999... ⚠️  No data
[79%|686s] 95225... ✅ VIANTIE (236)
[80%|690s] 95255... ✅ ALANIEMI (121)
[80%|695s] 95295... ⚠️  No data
[81%|700s] 95315... ✅ TÖRMÄ (233)
[81%|704s] 95325... ✅ PAAKKOLA (146)
[82%|709s] 95355... ✅ KOIVU (346)
[82%|713s] 95365... ✅ MAULA (248)
[83%|718s] 95375... ✅ YLI-PAAKKOLA (100)
[83%|723s] 95615... ✅ PEKANPÄÄ (135)
[84%|727s] 95635... ✅ KAULINRANTA (278)
[84%|732s] 95645... ✅ TURTOLA (257)
[85%|737s] 95675... ✅ MELTOSJÄRVI (171)
[85%|741s] 95999... ⚠️  No data
[86%|746s] 96007... ⚠️  No data
[86%|751s] 97335... ✅ RUUHIVAARA (65)
[87%|754s] 97615... ✅ TENNIROVA (50)
[87%|758s] 97625... ✅ VANTTAUSKOSKI (363)
[88%|762s] 97635... ✅ JUUNIEMI (110)
[88%|767s] 97645... ✅ JUUJÄRVI (144)
[89%|771s] 97655... ✅ AUTTI (160)
[89%|775s] 97665... ✅ POHJASPERÄ (190)
[90%|779s] 97675... ✅ NARKAUS (171)
[90%|783s] 97685... ✅ SIIKA-KÄMÄ (93)
[91%|788s] 97715... ✅ RAISKIO (171)
[91%|792s] 97765... ✅ IMPIÖ (85)
[92%|796s] 97785... ✅ KELANKYLÄ (76)
[92%|799s] 97815... ✅ PERNU (181)
[93%|804s] 97895... ✅ MOURUJÄRVI (91)
[93%|809s] 97925... ✅ TOLVA (99)
[94%|815s] 98007... ⚠️  No data
[94%|820s] 98995... ✅ HAUTAJÄRVI (217)
[95%|825s] 99101... ✅ KITTILÄ (130)
[95%|829s] 99131... ✅ SIRKKA (48)
[96%|834s] 99135... ✅ RAUHALA (74)
[96%|839s] 99195... ✅ POKKA (43)
[97%|843s] 99301... ✅ MUONIO (38)
[97%|847s] 99555... ✅ LUOSTO (606)
[98%|852s] 99645... ✅ LOKKA (126)
[98%|857s] 99655... ✅ SATTASVAARA (156)
[99%|861s] 99665... ✅ MOSKUVAARA (43)
[100%|865s] 99871... ✅ INARI (98)

======================================================================
✅ Complete! (870s)
   Successful:  156/196 (79.6%)
   Failed:      40/196
   Location:    /home/molt/.openclaw/workspace/postal_codes/data/
